c:\users\rohsu\dropbox\01.dev\azk_data_logger\x64\release\azk_data_logger.ipdb
c:\users\rohsu\dropbox\01.dev\azk_data_logger\x64\release\azk_data_logger.iobj
c:\users\rohsu\dropbox\01.dev\azk_data_logger\x64\release\vc142.pdb
c:\users\rohsu\dropbox\01.dev\azk_data_logger\x64\release\tcp_server.obj
c:\users\rohsu\dropbox\01.dev\azk_data_logger\x64\release\recorder.obj
c:\users\rohsu\dropbox\01.dev\azk_data_logger\x64\release\main.obj
c:\users\rohsu\dropbox\01.dev\azk_data_logger\x64\release\azk_data_logger.exe
c:\users\rohsu\dropbox\01.dev\azk_data_logger\x64\release\azk_data_logger.pdb
d:\dropbox\01.dev\azk_data_logger\x64\release\main.obj
d:\dropbox\01.dev\azk_data_logger\x64\release\recorder.obj
d:\dropbox\01.dev\azk_data_logger\x64\release\tcp_server.obj
d:\dropbox\01.dev\azk_data_logger\x64\release\azk_data_logger.ipdb
d:\dropbox\01.dev\azk_data_logger\x64\release\azk_data_logger.iobj
d:\dropbox\01.dev\azk_data_logger\x64\release\azk_data_logger.pdb
d:\dropbox\01.dev\azk_data_logger\x64\release\vc142.pdb
d:\dropbox\01.dev\azk_data_logger\x64\release\azk_data_logger.tlog\azk_data_logger.write.1u.tlog
d:\dropbox\01.dev\azk_data_logger\x64\release\azk_data_logger.tlog\cl.command.1.tlog
d:\dropbox\01.dev\azk_data_logger\x64\release\azk_data_logger.tlog\cl.read.1.tlog
d:\dropbox\01.dev\azk_data_logger\x64\release\azk_data_logger.tlog\cl.write.1.tlog
d:\dropbox\01.dev\azk_data_logger\x64\release\azk_data_logger.tlog\link.command.1.tlog
d:\dropbox\01.dev\azk_data_logger\x64\release\azk_data_logger.tlog\link.read.1.tlog
d:\dropbox\01.dev\azk_data_logger\x64\release\azk_data_logger.tlog\link.write.1.tlog
