d:\tmp\azk_data_logger\x64\debug\vc142.pdb
d:\tmp\azk_data_logger\x64\debug\vc142.idb
d:\tmp\azk_data_logger\x64\debug\udp_listener.obj
d:\tmp\azk_data_logger\x64\debug\recorder.obj
d:\tmp\azk_data_logger\x64\debug\main.obj
d:\tmp\azk_data_logger\x64\debug\azk_data_logger.exe
d:\tmp\azk_data_logger\x64\debug\azk_data_logger.ilk
d:\tmp\azk_data_logger\x64\debug\azk_data_logger.pdb
d:\dropbox\01.dev\azk_data_logger\x64\debug\main.obj
d:\dropbox\01.dev\azk_data_logger\x64\debug\recorder.obj
d:\dropbox\01.dev\azk_data_logger\x64\debug\udp_listener.obj
d:\dropbox\01.dev\azk_data_logger\x64\debug\azk_data_logger.ilk
d:\dropbox\01.dev\azk_data_logger\x64\debug\vc142.idb
d:\dropbox\01.dev\azk_data_logger\x64\debug\azk_data_logger.pdb
d:\dropbox\01.dev\azk_data_logger\x64\debug\vc142.pdb
d:\dropbox\01.dev\azk_data_logger\x64\debug\azk_data_logger.exe
d:\dropbox\01.dev\azk_data_logger\x64\debug\azk_data_logger.tlog\cl.command.1.tlog
d:\dropbox\01.dev\azk_data_logger\x64\debug\azk_data_logger.tlog\cl.read.1.tlog
d:\dropbox\01.dev\azk_data_logger\x64\debug\azk_data_logger.tlog\cl.write.1.tlog
d:\dropbox\01.dev\azk_data_logger\x64\debug\azk_data_logger.tlog\link.command.1.tlog
d:\dropbox\01.dev\azk_data_logger\x64\debug\azk_data_logger.tlog\link.read.1.tlog
d:\dropbox\01.dev\azk_data_logger\x64\debug\azk_data_logger.tlog\link.write.1.tlog
